2022-12-08T07:30:49+00:00 DEBUG tt4b_product_sync: missing access token for tt4b_product_sync
2022-12-08T07:30:49+00:00 DEBUG tt4b_product_delete: missing access token for tt4b_product_sync
2022-12-08T07:30:49+00:00 DEBUG tt4b_product_sync: missing access token for tt4b_product_sync
2022-12-08T07:30:49+00:00 DEBUG tt4b_product_delete: missing access token for tt4b_product_sync
2022-12-08T07:30:49+00:00 DEBUG tt4b_product_sync: missing access token for tt4b_product_sync
2022-12-08T07:30:49+00:00 DEBUG tt4b_product_delete: missing access token for tt4b_product_sync
2022-12-08T07:30:50+00:00 DEBUG tt4b_product_sync: missing access token for tt4b_product_sync
2022-12-08T07:30:50+00:00 DEBUG tt4b_product_delete: missing access token for tt4b_product_sync
2022-12-08T07:30:50+00:00 DEBUG tt4b_product_sync: missing access token for tt4b_product_sync
2022-12-08T07:30:50+00:00 DEBUG tt4b_product_delete: missing access token for tt4b_product_sync
2022-12-08T07:30:50+00:00 DEBUG tt4b_product_sync: missing access token for tt4b_product_sync
2022-12-08T07:30:50+00:00 DEBUG tt4b_product_delete: missing access token for tt4b_product_sync
2022-12-08T07:30:51+00:00 DEBUG tt4b_product_sync: missing access token for tt4b_product_sync
2022-12-08T07:30:51+00:00 DEBUG tt4b_product_delete: missing access token for tt4b_product_sync
2022-12-08T07:30:51+00:00 DEBUG tt4b_product_sync: missing access token for tt4b_product_sync
2022-12-08T07:30:51+00:00 DEBUG tt4b_product_delete: missing access token for tt4b_product_sync
2022-12-08T07:30:51+00:00 DEBUG tt4b_product_sync: missing access token for tt4b_product_sync
2022-12-08T07:30:51+00:00 DEBUG tt4b_product_delete: missing access token for tt4b_product_sync
2022-12-08T07:30:51+00:00 DEBUG tt4b_product_sync: missing access token for tt4b_product_sync
2022-12-08T07:30:51+00:00 DEBUG tt4b_product_delete: missing access token for tt4b_product_sync
2022-12-08T07:30:51+00:00 DEBUG tt4b_product_sync: missing access token for tt4b_product_sync
2022-12-08T07:30:51+00:00 DEBUG tt4b_product_delete: missing access token for tt4b_product_sync
2022-12-08T07:30:51+00:00 DEBUG tt4b_product_sync: missing access token for tt4b_product_sync
2022-12-08T07:30:51+00:00 DEBUG tt4b_product_delete: missing access token for tt4b_product_sync
2022-12-08T07:30:51+00:00 DEBUG tt4b_product_sync: missing access token for tt4b_product_sync
2022-12-08T07:30:51+00:00 DEBUG tt4b_product_delete: missing access token for tt4b_product_sync
2022-12-08T07:30:51+00:00 DEBUG tt4b_product_sync: missing access token for tt4b_product_sync
2022-12-08T07:30:51+00:00 DEBUG tt4b_product_delete: missing access token for tt4b_product_sync
2022-12-08T07:30:52+00:00 DEBUG tt4b_product_sync: missing access token for tt4b_product_sync
2022-12-08T07:30:52+00:00 DEBUG tt4b_product_delete: missing access token for tt4b_product_sync
2022-12-08T07:30:52+00:00 DEBUG tt4b_product_sync: missing access token for tt4b_product_sync
2022-12-08T07:30:52+00:00 DEBUG tt4b_product_delete: missing access token for tt4b_product_sync
2022-12-08T07:32:17+00:00 DEBUG tt4b_product_sync: missing access token for tt4b_product_sync
2022-12-08T07:32:18+00:00 DEBUG tt4b_product_sync: missing access token for tt4b_product_sync
2022-12-08T07:32:18+00:00 DEBUG tt4b_product_sync: missing access token for tt4b_product_sync
2022-12-08T07:32:18+00:00 DEBUG tt4b_product_sync: missing access token for tt4b_product_sync
2022-12-08T07:32:18+00:00 DEBUG tt4b_product_sync: missing access token for tt4b_product_sync
2022-12-08T07:32:18+00:00 DEBUG tt4b_product_sync: missing access token for tt4b_product_sync
2022-12-08T07:32:18+00:00 DEBUG tt4b_product_sync: missing access token for tt4b_product_sync
2022-12-08T07:32:18+00:00 DEBUG tt4b_product_sync: missing access token for tt4b_product_sync
2022-12-08T07:32:18+00:00 DEBUG tt4b_product_sync: missing access token for tt4b_product_sync
2022-12-08T07:32:18+00:00 DEBUG tt4b_product_sync: missing access token for tt4b_product_sync
2022-12-08T07:32:18+00:00 DEBUG tt4b_product_sync: missing access token for tt4b_product_sync
2022-12-08T07:32:18+00:00 DEBUG tt4b_product_sync: missing access token for tt4b_product_sync
2022-12-08T07:32:19+00:00 DEBUG tt4b_product_sync: missing access token for tt4b_product_sync
2022-12-08T07:32:19+00:00 DEBUG tt4b_product_sync: missing access token for tt4b_product_sync
2022-12-08T07:32:19+00:00 DEBUG tt4b_product_sync: missing access token for tt4b_product_sync
2022-12-08T07:32:19+00:00 DEBUG tt4b_product_sync: missing access token for tt4b_product_sync
2022-12-08T07:32:19+00:00 DEBUG tt4b_product_sync: missing access token for tt4b_product_sync
2022-12-08T07:32:19+00:00 DEBUG tt4b_product_sync: missing access token for tt4b_product_sync
2022-12-08T07:32:19+00:00 DEBUG tt4b_product_sync: missing access token for tt4b_product_sync
2022-12-08T07:32:19+00:00 DEBUG tt4b_product_sync: missing access token for tt4b_product_sync
2022-12-08T07:32:19+00:00 DEBUG tt4b_product_sync: missing access token for tt4b_product_sync
2022-12-08T07:32:19+00:00 DEBUG tt4b_product_sync: missing access token for tt4b_product_sync
2022-12-08T07:32:19+00:00 DEBUG tt4b_product_sync: missing access token for tt4b_product_sync
2022-12-08T07:32:19+00:00 DEBUG tt4b_product_sync: missing access token for tt4b_product_sync
2022-12-08T07:32:20+00:00 DEBUG tt4b_product_sync: missing access token for tt4b_product_sync
2022-12-08T07:32:20+00:00 DEBUG tt4b_product_sync: missing access token for tt4b_product_sync
2022-12-08T07:32:20+00:00 DEBUG tt4b_product_sync: missing access token for tt4b_product_sync
2022-12-08T07:32:20+00:00 DEBUG tt4b_product_sync: missing access token for tt4b_product_sync
2022-12-08T07:32:20+00:00 DEBUG tt4b_product_sync: missing access token for tt4b_product_sync
2022-12-08T07:32:20+00:00 DEBUG tt4b_product_sync: missing access token for tt4b_product_sync
2022-12-08T07:32:20+00:00 DEBUG tt4b_product_sync: missing access token for tt4b_product_sync
2022-12-08T07:32:20+00:00 DEBUG tt4b_product_sync: missing access token for tt4b_product_sync
2022-12-08T07:32:20+00:00 DEBUG tt4b_product_sync: missing access token for tt4b_product_sync
2022-12-08T07:32:20+00:00 DEBUG tt4b_product_sync: missing access token for tt4b_product_sync
2022-12-08T07:32:20+00:00 DEBUG tt4b_product_sync: missing access token for tt4b_product_sync
2022-12-08T07:32:20+00:00 DEBUG tt4b_product_sync: missing access token for tt4b_product_sync
2022-12-08T07:32:21+00:00 DEBUG tt4b_product_sync: missing access token for tt4b_product_sync
2022-12-08T07:32:29+00:00 DEBUG tt4b_product_sync: missing access token for tt4b_product_sync
2022-12-08T07:32:47+00:00 DEBUG tt4b_product_sync: missing access token for tt4b_product_sync
2022-12-08T07:32:47+00:00 DEBUG tt4b_product_sync: missing access token for tt4b_product_sync
2022-12-08T07:32:47+00:00 DEBUG tt4b_product_sync: missing access token for tt4b_product_sync
2022-12-08T07:32:47+00:00 DEBUG tt4b_product_sync: missing access token for tt4b_product_sync
2022-12-08T07:32:48+00:00 DEBUG tt4b_product_sync: missing access token for tt4b_product_sync
2022-12-08T07:32:48+00:00 DEBUG tt4b_product_sync: missing access token for tt4b_product_sync
2022-12-08T07:32:48+00:00 DEBUG tt4b_product_sync: missing access token for tt4b_product_sync
2022-12-08T07:32:48+00:00 DEBUG tt4b_product_sync: missing access token for tt4b_product_sync
2022-12-08T07:32:48+00:00 DEBUG tt4b_product_sync: missing access token for tt4b_product_sync
2022-12-08T07:32:48+00:00 DEBUG tt4b_product_sync: missing access token for tt4b_product_sync
2022-12-08T07:32:48+00:00 DEBUG tt4b_product_sync: missing access token for tt4b_product_sync
2022-12-08T07:32:48+00:00 DEBUG tt4b_product_sync: missing access token for tt4b_product_sync
2022-12-08T07:32:48+00:00 DEBUG tt4b_product_sync: missing access token for tt4b_product_sync
2022-12-08T07:32:48+00:00 DEBUG tt4b_product_sync: missing access token for tt4b_product_sync
2022-12-08T07:32:48+00:00 DEBUG tt4b_product_sync: missing access token for tt4b_product_sync
2022-12-08T07:32:49+00:00 DEBUG tt4b_product_sync: missing access token for tt4b_product_sync
2022-12-08T07:32:49+00:00 DEBUG tt4b_product_sync: missing access token for tt4b_product_sync
2022-12-08T07:32:49+00:00 DEBUG tt4b_product_sync: missing access token for tt4b_product_sync
2022-12-08T07:32:49+00:00 DEBUG tt4b_product_sync: missing access token for tt4b_product_sync
2022-12-08T07:32:49+00:00 DEBUG tt4b_product_sync: missing access token for tt4b_product_sync
2022-12-08T07:32:49+00:00 DEBUG tt4b_product_sync: missing access token for tt4b_product_sync
2022-12-08T07:32:49+00:00 DEBUG tt4b_product_sync: missing access token for tt4b_product_sync
2022-12-08T07:32:49+00:00 DEBUG tt4b_product_sync: missing access token for tt4b_product_sync
2022-12-08T07:32:49+00:00 DEBUG tt4b_product_sync: missing access token for tt4b_product_sync
2022-12-08T07:32:49+00:00 DEBUG tt4b_product_sync: missing access token for tt4b_product_sync
2022-12-08T07:32:49+00:00 DEBUG tt4b_product_sync: missing access token for tt4b_product_sync
2022-12-08T07:32:49+00:00 DEBUG tt4b_product_sync: missing access token for tt4b_product_sync
2022-12-08T07:32:50+00:00 DEBUG tt4b_product_sync: missing access token for tt4b_product_sync
2022-12-08T07:32:50+00:00 DEBUG tt4b_product_sync: missing access token for tt4b_product_sync
2022-12-08T07:33:08+00:00 DEBUG tt4b_product_sync: missing access token for tt4b_product_sync
2022-12-08T07:33:08+00:00 DEBUG tt4b_product_sync: missing access token for tt4b_product_sync
2022-12-08T07:33:08+00:00 DEBUG tt4b_product_sync: missing access token for tt4b_product_sync
2022-12-08T07:33:08+00:00 DEBUG tt4b_product_sync: missing access token for tt4b_product_sync
2022-12-08T07:33:08+00:00 DEBUG tt4b_product_sync: missing access token for tt4b_product_sync
2022-12-08T07:33:08+00:00 DEBUG tt4b_product_sync: missing access token for tt4b_product_sync
2022-12-08T07:33:09+00:00 DEBUG tt4b_product_sync: missing access token for tt4b_product_sync
2022-12-08T07:33:09+00:00 DEBUG tt4b_product_sync: missing access token for tt4b_product_sync
2022-12-08T07:33:09+00:00 DEBUG tt4b_product_sync: missing access token for tt4b_product_sync
2022-12-08T07:33:09+00:00 DEBUG tt4b_product_sync: missing access token for tt4b_product_sync
2022-12-08T07:33:09+00:00 DEBUG tt4b_product_sync: missing access token for tt4b_product_sync
2022-12-08T07:33:09+00:00 DEBUG tt4b_product_sync: missing access token for tt4b_product_sync
2022-12-08T07:33:09+00:00 DEBUG tt4b_product_sync: missing access token for tt4b_product_sync
2022-12-08T07:33:09+00:00 DEBUG tt4b_product_sync: missing access token for tt4b_product_sync
2022-12-08T07:33:09+00:00 DEBUG tt4b_product_sync: missing access token for tt4b_product_sync
2022-12-08T07:33:09+00:00 DEBUG tt4b_product_sync: missing access token for tt4b_product_sync
2022-12-08T07:33:09+00:00 DEBUG tt4b_product_sync: missing access token for tt4b_product_sync
2022-12-08T07:33:10+00:00 DEBUG tt4b_product_sync: missing access token for tt4b_product_sync
2022-12-08T07:33:10+00:00 DEBUG tt4b_product_sync: missing access token for tt4b_product_sync
2022-12-08T07:33:10+00:00 DEBUG tt4b_product_sync: missing access token for tt4b_product_sync
2022-12-08T07:33:10+00:00 DEBUG tt4b_product_sync: missing access token for tt4b_product_sync
2022-12-08T07:33:10+00:00 DEBUG tt4b_product_sync: missing access token for tt4b_product_sync
2022-12-08T07:33:10+00:00 DEBUG tt4b_product_sync: missing access token for tt4b_product_sync
2022-12-08T07:33:10+00:00 DEBUG tt4b_product_sync: missing access token for tt4b_product_sync
2022-12-08T07:33:10+00:00 DEBUG tt4b_product_sync: missing access token for tt4b_product_sync
2022-12-08T07:33:10+00:00 DEBUG tt4b_product_sync: missing access token for tt4b_product_sync
2022-12-08T07:33:10+00:00 DEBUG tt4b_product_sync: missing access token for tt4b_product_sync
2022-12-08T07:33:10+00:00 DEBUG tt4b_product_sync: missing access token for tt4b_product_sync
2022-12-08T07:33:10+00:00 DEBUG tt4b_product_sync: missing access token for tt4b_product_sync
2022-12-08T07:33:11+00:00 DEBUG tt4b_product_sync: missing access token for tt4b_product_sync
2022-12-08T07:33:33+00:00 DEBUG tt4b_product_sync: missing access token for tt4b_product_sync
2022-12-08T07:33:33+00:00 DEBUG tt4b_product_sync: missing access token for tt4b_product_sync
2022-12-08T07:33:33+00:00 DEBUG tt4b_product_sync: missing access token for tt4b_product_sync
2022-12-08T07:33:34+00:00 DEBUG tt4b_product_sync: missing access token for tt4b_product_sync
2022-12-08T07:33:34+00:00 DEBUG tt4b_product_sync: missing access token for tt4b_product_sync
2022-12-08T07:33:34+00:00 DEBUG tt4b_product_sync: missing access token for tt4b_product_sync
2022-12-08T07:33:34+00:00 DEBUG tt4b_product_sync: missing access token for tt4b_product_sync
2022-12-08T07:33:34+00:00 DEBUG tt4b_product_sync: missing access token for tt4b_product_sync
2022-12-08T07:33:34+00:00 DEBUG tt4b_product_sync: missing access token for tt4b_product_sync
2022-12-08T07:33:34+00:00 DEBUG tt4b_product_sync: missing access token for tt4b_product_sync
2022-12-08T07:33:34+00:00 DEBUG tt4b_product_sync: missing access token for tt4b_product_sync
2022-12-08T07:33:34+00:00 DEBUG tt4b_product_sync: missing access token for tt4b_product_sync
2022-12-08T07:33:34+00:00 DEBUG tt4b_product_sync: missing access token for tt4b_product_sync
2022-12-08T07:33:34+00:00 DEBUG tt4b_product_sync: missing access token for tt4b_product_sync
2022-12-08T07:33:35+00:00 DEBUG tt4b_product_sync: missing access token for tt4b_product_sync
2022-12-08T07:33:35+00:00 DEBUG tt4b_product_sync: missing access token for tt4b_product_sync
2022-12-08T07:33:35+00:00 DEBUG tt4b_product_sync: missing access token for tt4b_product_sync
2022-12-08T07:33:35+00:00 DEBUG tt4b_product_sync: missing access token for tt4b_product_sync
2022-12-08T07:33:35+00:00 DEBUG tt4b_product_sync: missing access token for tt4b_product_sync
2022-12-08T07:33:37+00:00 DEBUG tt4b_product_sync: missing access token for tt4b_product_sync
2022-12-08T07:36:02+00:00 DEBUG Tt4b_Pixel_Class::inject_view_content_event: hit injectViewContentEvent
2022-12-08T07:36:02+00:00 DEBUG Tt4b_Pixel_Class::inject_view_content_event: Missing option "access_token"
2022-12-08T07:41:46+00:00 DEBUG Tt4b_Pixel_Class::inject_view_content_event: hit injectViewContentEvent
2022-12-08T07:41:46+00:00 DEBUG Tt4b_Pixel_Class::inject_view_content_event: Missing option "access_token"
2022-12-08T07:41:54+00:00 DEBUG Tt4b_Pixel_Class::inject_add_to_cart_event: hit injectAddToCartEvent
2022-12-08T07:41:54+00:00 DEBUG Tt4b_Pixel_Class::inject_add_to_cart_event: Missing option "access_token"
2022-12-08T07:41:54+00:00 DEBUG Tt4b_Pixel_Class::inject_view_content_event: hit injectViewContentEvent
2022-12-08T07:41:54+00:00 DEBUG Tt4b_Pixel_Class::inject_view_content_event: Missing option "access_token"
2022-12-08T07:42:03+00:00 DEBUG Tt4b_Pixel_Class::inject_start_checkout: hit injectStartCheckout
2022-12-08T07:42:03+00:00 DEBUG Tt4b_Pixel_Class::inject_start_checkout: Missing option "access_token"
2022-12-08T09:07:41+00:00 DEBUG tt4b_product_sync: missing access token for tt4b_product_sync
2022-12-08T09:07:41+00:00 DEBUG tt4b_product_delete: missing access token for tt4b_product_sync
2022-12-08T09:07:42+00:00 DEBUG tt4b_product_sync: missing access token for tt4b_product_sync
2022-12-08T09:07:42+00:00 DEBUG tt4b_product_delete: missing access token for tt4b_product_sync
2022-12-08T09:08:37+00:00 DEBUG tt4b_product_sync: missing access token for tt4b_product_sync
2022-12-08T09:08:37+00:00 DEBUG tt4b_product_sync: missing access token for tt4b_product_sync
2022-12-08T09:08:38+00:00 DEBUG tt4b_product_sync: missing access token for tt4b_product_sync
2022-12-08T09:08:38+00:00 DEBUG tt4b_product_sync: missing access token for tt4b_product_sync
2022-12-08T09:08:38+00:00 DEBUG tt4b_product_sync: missing access token for tt4b_product_sync
2022-12-08T09:08:38+00:00 DEBUG tt4b_product_sync: missing access token for tt4b_product_sync
2022-12-08T09:08:38+00:00 DEBUG tt4b_product_sync: missing access token for tt4b_product_sync
2022-12-08T09:08:38+00:00 DEBUG tt4b_product_sync: missing access token for tt4b_product_sync
2022-12-08T09:08:38+00:00 DEBUG tt4b_product_sync: missing access token for tt4b_product_sync
2022-12-08T09:08:39+00:00 DEBUG tt4b_product_sync: missing access token for tt4b_product_sync
2022-12-08T09:08:39+00:00 DEBUG tt4b_product_sync: missing access token for tt4b_product_sync
2022-12-08T09:08:39+00:00 DEBUG tt4b_product_sync: missing access token for tt4b_product_sync
2022-12-08T09:08:39+00:00 DEBUG tt4b_product_sync: missing access token for tt4b_product_sync
2022-12-08T09:08:39+00:00 DEBUG tt4b_product_sync: missing access token for tt4b_product_sync
2022-12-08T09:08:39+00:00 DEBUG tt4b_product_sync: missing access token for tt4b_product_sync
2022-12-08T09:08:39+00:00 DEBUG tt4b_product_sync: missing access token for tt4b_product_sync
2022-12-08T09:08:40+00:00 DEBUG tt4b_product_sync: missing access token for tt4b_product_sync
2022-12-08T09:08:40+00:00 DEBUG tt4b_product_sync: missing access token for tt4b_product_sync
2022-12-08T09:08:40+00:00 DEBUG tt4b_product_sync: missing access token for tt4b_product_sync
2022-12-08T09:08:40+00:00 DEBUG tt4b_product_sync: missing access token for tt4b_product_sync
2022-12-08T09:08:40+00:00 DEBUG tt4b_product_sync: missing access token for tt4b_product_sync
2022-12-08T09:08:40+00:00 DEBUG tt4b_product_sync: missing access token for tt4b_product_sync
2022-12-08T09:08:40+00:00 DEBUG tt4b_product_sync: missing access token for tt4b_product_sync
2022-12-08T09:08:40+00:00 DEBUG tt4b_product_sync: missing access token for tt4b_product_sync
2022-12-08T09:08:40+00:00 DEBUG tt4b_product_sync: missing access token for tt4b_product_sync
2022-12-08T09:08:40+00:00 DEBUG tt4b_product_sync: missing access token for tt4b_product_sync
2022-12-08T09:08:41+00:00 DEBUG tt4b_product_sync: missing access token for tt4b_product_sync
2022-12-08T09:08:41+00:00 DEBUG tt4b_product_sync: missing access token for tt4b_product_sync
2022-12-08T09:08:41+00:00 DEBUG tt4b_product_sync: missing access token for tt4b_product_sync
2022-12-08T09:08:41+00:00 DEBUG tt4b_product_sync: missing access token for tt4b_product_sync
2022-12-08T09:08:41+00:00 DEBUG tt4b_product_sync: missing access token for tt4b_product_sync
2022-12-08T09:08:41+00:00 DEBUG tt4b_product_sync: missing access token for tt4b_product_sync
2022-12-08T09:08:41+00:00 DEBUG tt4b_product_sync: missing access token for tt4b_product_sync
2022-12-08T09:08:41+00:00 DEBUG tt4b_product_sync: missing access token for tt4b_product_sync
2022-12-08T09:08:41+00:00 DEBUG tt4b_product_sync: missing access token for tt4b_product_sync
2022-12-08T09:08:41+00:00 DEBUG tt4b_product_sync: missing access token for tt4b_product_sync
2022-12-08T09:08:41+00:00 DEBUG tt4b_product_sync: missing access token for tt4b_product_sync
2022-12-08T09:09:04+00:00 DEBUG tt4b_product_sync: missing access token for tt4b_product_sync
2022-12-08T09:09:10+00:00 DEBUG tt4b_product_sync: missing access token for tt4b_product_sync
2022-12-08T09:09:18+00:00 DEBUG tt4b_product_sync: missing access token for tt4b_product_sync
2022-12-08T09:09:18+00:00 DEBUG tt4b_product_sync: missing access token for tt4b_product_sync
2022-12-08T09:21:40+00:00 DEBUG tt4b_product_sync: missing access token for tt4b_product_sync
2022-12-08T09:21:44+00:00 DEBUG tt4b_product_sync: missing access token for tt4b_product_sync
2022-12-08T09:21:44+00:00 DEBUG tt4b_product_sync: missing access token for tt4b_product_sync
2022-12-08T09:21:44+00:00 DEBUG tt4b_product_sync: missing access token for tt4b_product_sync
2022-12-08T09:21:44+00:00 DEBUG tt4b_product_sync: missing access token for tt4b_product_sync
2022-12-08T09:21:44+00:00 DEBUG tt4b_product_sync: missing access token for tt4b_product_sync
2022-12-08T09:21:44+00:00 DEBUG tt4b_product_sync: missing access token for tt4b_product_sync
2022-12-08T09:22:11+00:00 DEBUG tt4b_product_sync: missing access token for tt4b_product_sync
2022-12-08T09:22:15+00:00 DEBUG tt4b_product_sync: missing access token for tt4b_product_sync
2022-12-08T09:22:15+00:00 DEBUG tt4b_product_sync: missing access token for tt4b_product_sync
2022-12-08T09:22:15+00:00 DEBUG tt4b_product_sync: missing access token for tt4b_product_sync
2022-12-08T09:22:16+00:00 DEBUG tt4b_product_sync: missing access token for tt4b_product_sync
2022-12-08T09:22:16+00:00 DEBUG tt4b_product_sync: missing access token for tt4b_product_sync
2022-12-08T09:22:16+00:00 DEBUG tt4b_product_sync: missing access token for tt4b_product_sync
2022-12-08T09:22:39+00:00 DEBUG tt4b_product_sync: missing access token for tt4b_product_sync
2022-12-08T09:22:45+00:00 DEBUG tt4b_product_sync: missing access token for tt4b_product_sync
2022-12-08T09:22:45+00:00 DEBUG tt4b_product_sync: missing access token for tt4b_product_sync
2022-12-08T09:22:45+00:00 DEBUG tt4b_product_sync: missing access token for tt4b_product_sync
2022-12-08T09:23:11+00:00 DEBUG tt4b_product_sync: missing access token for tt4b_product_sync
2022-12-08T09:23:16+00:00 DEBUG tt4b_product_sync: missing access token for tt4b_product_sync
2022-12-08T09:23:16+00:00 DEBUG tt4b_product_sync: missing access token for tt4b_product_sync
2022-12-08T09:23:16+00:00 DEBUG tt4b_product_sync: missing access token for tt4b_product_sync
2022-12-08T09:23:16+00:00 DEBUG tt4b_product_sync: missing access token for tt4b_product_sync
2022-12-08T09:23:16+00:00 DEBUG tt4b_product_sync: missing access token for tt4b_product_sync
2022-12-08T09:23:16+00:00 DEBUG tt4b_product_sync: missing access token for tt4b_product_sync
2022-12-08T09:23:17+00:00 DEBUG tt4b_product_sync: missing access token for tt4b_product_sync
2022-12-08T09:23:17+00:00 DEBUG tt4b_product_sync: missing access token for tt4b_product_sync
2022-12-08T09:23:17+00:00 DEBUG tt4b_product_sync: missing access token for tt4b_product_sync
2022-12-08T09:23:17+00:00 DEBUG tt4b_product_sync: missing access token for tt4b_product_sync
2022-12-08T09:23:17+00:00 DEBUG tt4b_product_sync: missing access token for tt4b_product_sync
2022-12-08T09:23:17+00:00 DEBUG tt4b_product_sync: missing access token for tt4b_product_sync
2022-12-08T09:23:17+00:00 DEBUG tt4b_product_sync: missing access token for tt4b_product_sync
2022-12-08T09:23:43+00:00 DEBUG tt4b_product_sync: missing access token for tt4b_product_sync
2022-12-08T09:23:49+00:00 DEBUG tt4b_product_sync: missing access token for tt4b_product_sync
2022-12-08T09:23:49+00:00 DEBUG tt4b_product_sync: missing access token for tt4b_product_sync
2022-12-08T09:23:49+00:00 DEBUG tt4b_product_sync: missing access token for tt4b_product_sync
2022-12-08T09:23:49+00:00 DEBUG tt4b_product_sync: missing access token for tt4b_product_sync
2022-12-08T09:23:49+00:00 DEBUG tt4b_product_sync: missing access token for tt4b_product_sync
2022-12-08T09:23:49+00:00 DEBUG tt4b_product_sync: missing access token for tt4b_product_sync
2022-12-08T09:23:49+00:00 DEBUG tt4b_product_sync: missing access token for tt4b_product_sync
2022-12-08T09:24:11+00:00 DEBUG tt4b_product_sync: missing access token for tt4b_product_sync
2022-12-08T09:24:18+00:00 DEBUG tt4b_product_sync: missing access token for tt4b_product_sync
2022-12-08T09:24:18+00:00 DEBUG tt4b_product_sync: missing access token for tt4b_product_sync
2022-12-08T09:24:18+00:00 DEBUG tt4b_product_sync: missing access token for tt4b_product_sync
2022-12-08T09:24:31+00:00 DEBUG tt4b_product_sync: missing access token for tt4b_product_sync
2022-12-08T09:24:48+00:00 DEBUG tt4b_product_sync: missing access token for tt4b_product_sync
2022-12-08T09:24:58+00:00 DEBUG tt4b_product_sync: missing access token for tt4b_product_sync
2022-12-08T09:24:58+00:00 DEBUG tt4b_product_sync: missing access token for tt4b_product_sync
2022-12-08T09:24:58+00:00 DEBUG tt4b_product_sync: missing access token for tt4b_product_sync
2022-12-08T09:24:58+00:00 DEBUG tt4b_product_sync: missing access token for tt4b_product_sync
2022-12-08T09:24:59+00:00 DEBUG tt4b_product_sync: missing access token for tt4b_product_sync
2022-12-08T09:24:59+00:00 DEBUG tt4b_product_sync: missing access token for tt4b_product_sync
2022-12-08T09:24:59+00:00 DEBUG tt4b_product_sync: missing access token for tt4b_product_sync
2022-12-08T09:24:59+00:00 DEBUG tt4b_product_sync: missing access token for tt4b_product_sync
2022-12-08T09:25:13+00:00 DEBUG tt4b_product_sync: missing access token for tt4b_product_sync
2022-12-08T09:25:38+00:00 DEBUG tt4b_product_sync: missing access token for tt4b_product_sync
2022-12-08T09:25:45+00:00 DEBUG tt4b_product_sync: missing access token for tt4b_product_sync
2022-12-08T09:25:45+00:00 DEBUG tt4b_product_sync: missing access token for tt4b_product_sync
2022-12-08T09:25:45+00:00 DEBUG tt4b_product_sync: missing access token for tt4b_product_sync
2022-12-08T09:25:45+00:00 DEBUG tt4b_product_sync: missing access token for tt4b_product_sync
2022-12-08T09:25:45+00:00 DEBUG tt4b_product_sync: missing access token for tt4b_product_sync
2022-12-08T09:25:45+00:00 DEBUG tt4b_product_sync: missing access token for tt4b_product_sync
2022-12-08T09:25:46+00:00 DEBUG tt4b_product_sync: missing access token for tt4b_product_sync
2022-12-08T09:25:46+00:00 DEBUG tt4b_product_sync: missing access token for tt4b_product_sync
2022-12-08T09:25:46+00:00 DEBUG tt4b_product_sync: missing access token for tt4b_product_sync
2022-12-08T09:25:46+00:00 DEBUG tt4b_product_sync: missing access token for tt4b_product_sync
2022-12-08T09:25:59+00:00 DEBUG tt4b_product_sync: missing access token for tt4b_product_sync
2022-12-08T09:26:23+00:00 DEBUG tt4b_product_sync: missing access token for tt4b_product_sync
2022-12-08T09:26:28+00:00 DEBUG tt4b_product_sync: missing access token for tt4b_product_sync
2022-12-08T09:26:28+00:00 DEBUG tt4b_product_sync: missing access token for tt4b_product_sync
2022-12-08T09:26:28+00:00 DEBUG tt4b_product_sync: missing access token for tt4b_product_sync
2022-12-08T09:26:28+00:00 DEBUG tt4b_product_sync: missing access token for tt4b_product_sync
2022-12-08T09:26:29+00:00 DEBUG tt4b_product_sync: missing access token for tt4b_product_sync
2022-12-08T09:26:29+00:00 DEBUG tt4b_product_sync: missing access token for tt4b_product_sync
2022-12-08T09:26:29+00:00 DEBUG tt4b_product_sync: missing access token for tt4b_product_sync
2022-12-08T09:26:48+00:00 DEBUG tt4b_product_sync: missing access token for tt4b_product_sync
2022-12-08T09:26:55+00:00 DEBUG tt4b_product_sync: missing access token for tt4b_product_sync
2022-12-08T09:26:55+00:00 DEBUG tt4b_product_sync: missing access token for tt4b_product_sync
2022-12-08T09:26:56+00:00 DEBUG tt4b_product_sync: missing access token for tt4b_product_sync
2022-12-08T09:26:56+00:00 DEBUG tt4b_product_sync: missing access token for tt4b_product_sync
2022-12-08T09:27:10+00:00 DEBUG tt4b_product_sync: missing access token for tt4b_product_sync
2022-12-08T09:27:23+00:00 DEBUG tt4b_product_sync: missing access token for tt4b_product_sync
2022-12-08T09:27:28+00:00 DEBUG tt4b_product_sync: missing access token for tt4b_product_sync
2022-12-08T09:27:29+00:00 DEBUG tt4b_product_sync: missing access token for tt4b_product_sync
2022-12-08T09:27:29+00:00 DEBUG tt4b_product_sync: missing access token for tt4b_product_sync
2022-12-08T09:27:29+00:00 DEBUG tt4b_product_sync: missing access token for tt4b_product_sync
2022-12-08T09:27:29+00:00 DEBUG tt4b_product_sync: missing access token for tt4b_product_sync
2022-12-08T09:27:29+00:00 DEBUG tt4b_product_sync: missing access token for tt4b_product_sync
2022-12-08T09:27:29+00:00 DEBUG tt4b_product_sync: missing access token for tt4b_product_sync
2022-12-08T09:27:29+00:00 DEBUG tt4b_product_sync: missing access token for tt4b_product_sync
2022-12-08T09:27:29+00:00 DEBUG tt4b_product_sync: missing access token for tt4b_product_sync
2022-12-08T09:27:37+00:00 DEBUG tt4b_product_sync: missing access token for tt4b_product_sync
2022-12-08T09:27:37+00:00 DEBUG tt4b_product_sync: missing access token for tt4b_product_sync
2022-12-08T09:28:01+00:00 DEBUG tt4b_product_sync: missing access token for tt4b_product_sync
2022-12-08T09:28:12+00:00 DEBUG tt4b_product_sync: missing access token for tt4b_product_sync
2022-12-08T09:28:22+00:00 DEBUG tt4b_product_sync: missing access token for tt4b_product_sync
2022-12-08T09:29:42+00:00 DEBUG Tt4b_Pixel_Class::inject_view_content_event: hit injectViewContentEvent
2022-12-08T09:29:42+00:00 DEBUG Tt4b_Pixel_Class::inject_view_content_event: Missing option "access_token"
2022-12-08T09:30:46+00:00 DEBUG Tt4b_Pixel_Class::inject_view_content_event: hit injectViewContentEvent
2022-12-08T09:30:46+00:00 DEBUG Tt4b_Pixel_Class::inject_view_content_event: Missing option "access_token"
2022-12-08T12:17:06+00:00 DEBUG Tt4b_Pixel_Class::inject_view_content_event: hit injectViewContentEvent
2022-12-08T12:17:06+00:00 DEBUG Tt4b_Pixel_Class::inject_view_content_event: Missing option "access_token"
2022-12-08T12:17:36+00:00 DEBUG Tt4b_Pixel_Class::inject_view_content_event: hit injectViewContentEvent
2022-12-08T12:17:36+00:00 DEBUG Tt4b_Pixel_Class::inject_view_content_event: Missing option "access_token"
